<?xml version="1.0" encoding="UTF-8"?>
<testng-results skipped="0" failed="0" total="1" passed="1">
  <reporter-output>
  </reporter-output>
  <suite name="Junebatch" duration-ms="46113" started-at="2016-06-26T05:35:15Z" finished-at="2016-06-26T05:36:01Z">
    <groups>
      <group name="smoke">
        <method signature="Scenario_Search.testInvalidsearch(java.lang.String, java.lang.String, java.lang.String, java.lang.String)[pri:0, instance:Scenario_Component.Scenario_Search@1b68ddbd]" name="testInvalidsearch" class="Scenario_Component.Scenario_Search"/>
      </group> <!-- smoke -->
    </groups>
    <test name="RegSet1" duration-ms="46113" started-at="2016-06-26T05:35:15Z" finished-at="2016-06-26T05:36:01Z">
      <class name="Scenario_Component.Scenario_Search">
        <test-method status="PASS" signature="testInvalidsearch(java.lang.String, java.lang.String, java.lang.String, java.lang.String)[pri:0, instance:Scenario_Component.Scenario_Search@1b68ddbd]" name="testInvalidsearch" duration-ms="45872" started-at="2016-06-26T11:05:15Z" data-provider="dp_InvalidSearch" finished-at="2016-06-26T11:06:01Z">
          <params>
            <param index="0">
              <value>
                <![CDATA[GB_01]]>
              </value>
            </param>
            <param index="1">
              <value>
                <![CDATA[1.0]]>
              </value>
            </param>
            <param index="2">
              <value>
                <![CDATA[ghgshjhja]]>
              </value>
            </param>
            <param index="3">
              <value>
                <![CDATA[Sorry! There are no products to display.]]>
              </value>
            </param>
          </params>
          <reporter-output>
          </reporter-output>
        </test-method> <!-- testInvalidsearch -->
      </class> <!-- Scenario_Component.Scenario_Search -->
    </test> <!-- RegSet1 -->
  </suite> <!-- Junebatch -->
</testng-results>
